<?xml version="1.0" encoding="UTF-8"?>
<testsuites name="jest tests" tests="1" failures="0" errors="0" time="0.845">
  <testsuite name="/organizations" errors="0" failures="0" skipped="0" timestamp="2024-08-16T16:14:03" time="0.782" tests="1">
    <testcase classname="/organizations GET /organizations should return organizations" name="/organizations GET /organizations should return organizations" time="0.027">
    </testcase>
  </testsuite>
</testsuites>